2024/07/20 13:32:06 Successfully connected to the database
2024/07/20 13:32:06 Starting database migrations...
2024/07/20 13:32:06 Users table created successfully
2024/07/20 13:32:06 Database migrations completed.
2024/07/20 13:32:06 Starting database seeding...
2024/07/20 13:37:55 User seeding completed
2024/07/20 13:37:55 Database seeding completed in 5m48.891731s.
2024/07/20 13:37:55 Starting server on :8000
2024/07/20 13:38:34 GetUserHandler called
2024/07/20 13:38:34 GetAllUsers called
2024/07/20 13:38:35 GetAllUsers completed successfully
2024/07/20 13:39:46 Successfully connected to the database
2024/07/20 13:39:46 Starting database migrations...
2024/07/20 13:39:46 Users table created successfully
2024/07/20 13:39:46 Database migrations completed.
2024/07/20 13:39:46 Starting database seeding...
2024/07/20 13:39:46 User seeding completed
2024/07/20 13:39:46 Database seeding completed in 13.9071ms.
2024/07/20 13:39:46 Starting server on :8000
2024/07/20 13:40:09 GetUserHandler called
2024/07/20 13:40:09 GetAllUsers called
2024/07/20 13:40:09 GetAllUsers completed successfully
